<?xml version="1.0" encoding="UTF-8"?>
<!-- Generated by org.testng.reporters.JUnitReportReporter -->
<testsuite hostname="mengfeifeideMacBook-Pro.local" name="test.LoginTest" tests="1" failures="0" timestamp="15 Aug 2017 13:17:06 GMT" time="46.653" errors="0">
  <testcase name="loginTest" time="46.653" classname="test.LoginTest"/>
</testsuite> <!-- test.LoginTest -->
