<?xml version="1.0" encoding="UTF-8"?>
<!-- Generated by org.testng.reporters.JUnitReportReporter -->
<testsuite hostname="mengfeifeideMacBook-Pro.local" name="test.LoginTest" tests="1" failures="0" timestamp="19 Jul 2017 13:34:22 GMT" time="36.108" errors="0">
  <testcase name="loginTest" time="36.108" classname="test.LoginTest"/>
</testsuite> <!-- test.LoginTest -->
