<?xml version="1.0" encoding="UTF-8"?>
<!-- Generated by org.testng.reporters.JUnitReportReporter -->
<testsuite hostname="mengfeifeideMacBook-Pro.local" name="test.GoInService" tests="1" failures="0" timestamp="15 Aug 2017 13:17:06 GMT" time="44.895" errors="0">
  <testcase name="goService" time="44.895" classname="test.GoInService"/>
</testsuite> <!-- test.GoInService -->
