<?xml version="1.0" encoding="UTF-8"?>
<!-- Generated by org.testng.reporters.JUnitReportReporter -->
<testsuite hostname="mengfeifeideMacBook-Pro.local" name="test.GoThroughHotSortTest" tests="1" failures="0" timestamp="19 Jul 2017 13:34:22 GMT" time="46.079" errors="0">
  <testcase name="goThroughHotSortTest" time="46.079" classname="test.GoThroughHotSortTest"/>
</testsuite> <!-- test.GoThroughHotSortTest -->
