<?xml version="1.0" encoding="UTF-8"?>
<!-- Generated by org.testng.reporters.JUnitReportReporter -->
<testsuite hostname="mengfeifeideMacBook-Pro.local" name="test.LogoutTest" tests="1" failures="0" timestamp="15 Aug 2017 13:17:06 GMT" time="25.755" errors="0">
  <testcase name="logoutTest" time="25.755" classname="test.LogoutTest"/>
</testsuite> <!-- test.LogoutTest -->
