<?xml version="1.0" encoding="UTF-8"?>
<!-- Generated by org.testng.reporters.JUnitReportReporter -->
<testsuite hostname="mengfeifeideMacBook-Pro.local" name="test.EnterEndGoodPage" tests="1" failures="0" timestamp="3 Aug 2017 13:53:35 GMT" time="110.054" errors="0">
  <testcase name="goThroughGirlClothTest" time="110.054" classname="test.EnterEndGoodPage"/>
</testsuite> <!-- test.EnterEndGoodPage -->
