<?xml version="1.0" encoding="UTF-8"?>
<!-- Generated by org.testng.reporters.JUnitReportReporter -->
<testsuite hostname="mengfeifeideMacBook-Pro.local" name="test.LogoutTest" tests="1" failures="0" timestamp="3 Aug 2017 13:53:35 GMT" time="36.195" errors="0">
  <testcase name="logoutTest" time="36.195" classname="test.LogoutTest"/>
</testsuite> <!-- test.LogoutTest -->
