<?xml version="1.0" encoding="UTF-8"?>
<!-- Generated by org.testng.reporters.JUnitReportReporter -->
<testsuite hostname="mengfeifeideMacBook-Pro.local" name="test.GoThroughPresentSortTest" tests="1" failures="0" timestamp="3 Aug 2017 13:53:35 GMT" time="104.236" errors="0">
  <testcase name="goThroughPresentTest" time="104.236" classname="test.GoThroughPresentSortTest"/>
</testsuite> <!-- test.GoThroughPresentSortTest -->
