<?xml version="1.0" encoding="UTF-8"?>
<!-- Generated by org.testng.reporters.JUnitReportReporter -->
<testsuite hostname="mengfeifeideMacBook-Pro.local" name="test.EnterEndGoodPage" tests="1" failures="0" timestamp="15 Aug 2017 13:17:06 GMT" time="33.659" errors="0">
  <testcase name="goGoodPage" time="33.659" classname="test.EnterEndGoodPage"/>
</testsuite> <!-- test.EnterEndGoodPage -->
