<?xml version="1.0" encoding="UTF-8"?>
<!-- Generated by org.testng.reporters.JUnitReportReporter -->
<testsuite hostname="mengfeifeideMacBook-Pro.local" name="test.LoginTest" tests="1" failures="0" timestamp="4 Jul 2017 12:17:30 GMT" time="54.807" errors="0">
  <testcase name="loginTest" time="54.807" classname="test.LoginTest"/>
</testsuite> <!-- test.LoginTest -->
