<?xml version="1.0" encoding="UTF-8"?>
<!-- Generated by org.testng.reporters.JUnitReportReporter -->
<testsuite hostname="mengfeifeideMacBook-Pro.local" name="test.GoThroughPeishiSortTest" tests="1" failures="0" timestamp="3 Aug 2017 13:53:35 GMT" time="73.446" errors="0">
  <testcase name="goThroughPeishiTest" time="73.446" classname="test.GoThroughPeishiSortTest"/>
</testsuite> <!-- test.GoThroughPeishiSortTest -->
