<?xml version="1.0" encoding="UTF-8"?>
<!-- Generated by org.testng.reporters.JUnitReportReporter -->
<testsuite hostname="mengfeifeideMacBook-Pro.local" name="test.LogoutTest" tests="1" failures="0" timestamp="19 Jul 2017 13:34:22 GMT" time="24.709" errors="0">
  <testcase name="logoutTest" time="24.709" classname="test.LogoutTest"/>
</testsuite> <!-- test.LogoutTest -->
