<?xml version="1.0" encoding="UTF-8"?>
<!-- Generated by org.testng.reporters.JUnitReportReporter -->
<testsuite hostname="mengfeifeideMacBook-Pro.local" name="test.GoThroughMainPageTest" tests="1" failures="0" timestamp="19 Jul 2017 13:34:22 GMT" time="55.961" errors="0">
  <testcase name="goThroughMainPageTest" time="55.961" classname="test.GoThroughMainPageTest"/>
</testsuite> <!-- test.GoThroughMainPageTest -->
