<?xml version="1.0" encoding="UTF-8"?>
<!-- Generated by org.testng.reporters.JUnitReportReporter -->
<testsuite hostname="mengfeifeideMacBook-Pro.local" name="test.GoThroughHotSortTest" tests="1" failures="0" timestamp="3 Aug 2017 13:53:35 GMT" time="68.858" errors="0">
  <testcase name="goThroughHotSortTest" time="68.858" classname="test.GoThroughHotSortTest"/>
</testsuite> <!-- test.GoThroughHotSortTest -->
