<?xml version="1.0" encoding="UTF-8"?>
<!-- Generated by org.testng.reporters.JUnitReportReporter -->
<testsuite hostname="mengfeifeideMacBook-Pro.local" name="test.GoThroughGirlClothSortTest" tests="1" failures="0" timestamp="3 Aug 2017 13:53:35 GMT" time="68.175" errors="0">
  <testcase name="goThroughGirlClothTest" time="68.175" classname="test.GoThroughGirlClothSortTest"/>
</testsuite> <!-- test.GoThroughGirlClothSortTest -->
