<?xml version="1.0" encoding="UTF-8"?>
<!-- Generated by org.testng.reporters.JUnitReportReporter -->
<testsuite hostname="mengfeifeideMacBook-Pro.local" name="test.GoThroughMainPageTest" tests="1" failures="0" timestamp="3 Aug 2017 13:53:35 GMT" time="86.754" errors="0">
  <testcase name="goThroughMainPageTest" time="86.754" classname="test.GoThroughMainPageTest"/>
</testsuite> <!-- test.GoThroughMainPageTest -->
