<?xml version="1.0" encoding="UTF-8"?>
<!-- Generated by org.testng.reporters.JUnitReportReporter -->
<testsuite hostname="mengfeifeideMacBook-Pro.local" name="test.GoInService" tests="1" failures="0" timestamp="3 Aug 2017 13:53:35 GMT" time="91.994" errors="0">
  <testcase name="goThroughGirlClothTest" time="91.994" classname="test.GoInService"/>
</testsuite> <!-- test.GoInService -->
